build/app/outputs/mapping/release/mapping.txt
# compiler: R8
# compiler_version: 1.5.64
# min_api: 21
# pg_map_id: ba2fb7f
...
io.grpc.Decompressor -> c.c.u:
    java.io.InputStream decompress(java.io.InputStream) -> a
    java.lang.String getMessageEncoding() -> a
io.grpc.DecompressorRegistry -> c.c.v:
    com.google.common.base.Joiner ACCEPT_ENCODING_JOINER -> c
    java.util.Map decompressors -> a
    byte[] advertisedDecompressors -> b
    io.grpc.DecompressorRegistry DEFAULT_INSTANCE -> d
    java.util.Set getAdvertisedMessageEncodings() -> a
    io.grpc.Decompressor lookupDecompressor(java.lang.String) -> a
    io.grpc.DecompressorRegistry with(io.grpc.Decompressor,boolean) -> a
    byte[] getRawAdvertisedMessageEncodings() -> b
    io.grpc.DecompressorRegistry emptyInstance() -> c
    io.grpc.DecompressorRegistry getDefaultInstance() -> d
io.grpc.DecompressorRegistry$DecompressorInfo -> c.c.v$a:
    io.grpc.Decompressor decompressor -> a
    boolean advertised -> b
io.grpc.Drainable -> c.c.w:
    int drainTo(java.io.OutputStream) -> a
io.grpc.EquivalentAddressGroup -> c.c.x:
    java.util.List addrs -> a
    io.grpc.Attributes attrs -> b
    int hashCode -> c
    java.util.List getAddresses() -> a
    io.grpc.Attributes getAttributes() -> b
io.grpc.ForwardingChannelBuilder -> c.c.y:
    io.grpc.ForwardingChannelBuilder keepAliveTime(long,java.util.concurrent.TimeUnit) -> a
    io.grpc.ManagedChannelBuilder keepAliveTime(long,java.util.concurrent.TimeUnit) -> a
    io.grpc.ForwardingChannelBuilder usePlaintext(boolean) -> a
    io.grpc.ManagedChannelBuilder usePlaintext(boolean) -> a
    io.grpc.ForwardingChannelBuilder usePlaintext() -> b
    io.grpc.ManagedChannelBuilder usePlaintext() -> b
    io.grpc.ManagedChannelBuilder delegate() -> c
    io.grpc.ForwardingChannelBuilder thisT() -> d
io.grpc.ForwardingClientCall -> c.c.z:
    void halfClose() -> a
    void request(int) -> a
    void sendMessage(java.lang.Object) -> a
    void start(io.grpc.ClientCall$Listener,io.grpc.Metadata) -> a
io.grpc.ForwardingClientCall$SimpleForwardingClientCall -> c.c.z$a:
    io.grpc.ClientCall delegate -> a
    void halfClose() -> a
    void request(int) -> a
    io.grpc.ClientCall delegate() -> b
io.grpc.ForwardingClientCallListener -> c.c.a0:
    void onClose(io.grpc.Status,io.grpc.Metadata) -> a
    void onHeaders(io.grpc.Metadata) -> a
    void onMessage(java.lang.Object) -> a
    void onReady() -> a
io.grpc.ForwardingClientCallListener$SimpleForwardingClientCallListener -> c.c.a0$a:
    io.grpc.ClientCall$Listener delegate -> a
    void onClose(io.grpc.Status,io.grpc.Metadata) -> a
    void onHeaders(io.grpc.Metadata) -> a
    void onReady() -> a
    io.grpc.ClientCall$Listener delegate() -> b
io.grpc.Grpc -> c.c.b0:
    io.grpc.Attributes$Key TRANSPORT_ATTR_REMOTE_ADDR -> a
    io.grpc.Attributes$Key TRANSPORT_ATTR_LOCAL_ADDR -> b
    io.grpc.Attributes$Key TRANSPORT_ATTR_SSL_SESSION -> c
io.grpc.HttpConnectProxiedSocketAddress -> c.c.c0:
    java.net.SocketAddress proxyAddress -> a
    java.net.InetSocketAddress targetAddress -> b
    java.lang.String username -> c
    java.lang.String password -> d
    java.lang.String getPassword() -> a
    java.net.SocketAddress getProxyAddress() -> b
    java.net.InetSocketAddress getTargetAddress() -> c
    java.lang.String getUsername() -> d
    io.grpc.HttpConnectProxiedSocketAddress$Builder newBuilder() -> e
io.grpc.HttpConnectProxiedSocketAddress$1 -> c.c.c0$a:
io.grpc.HttpConnectProxiedSocketAddress$Builder -> c.c.c0$b:
    java.net.SocketAddress proxyAddress -> a
    java.net.InetSocketAddress targetAddress -> b
    java.lang.String username -> c
    java.lang.String password -> d
    io.grpc.HttpConnectProxiedSocketAddress build() -> a
    io.grpc.HttpConnectProxiedSocketAddress$Builder setPassword(java.lang.String) -> a
    io.grpc.HttpConnectProxiedSocketAddress$Builder setProxyAddress(java.net.SocketAddress) -> a
    io.grpc.HttpConnectProxiedSocketAddress$Builder setTargetAddress(java.net.InetSocketAddress) -> a
    io.grpc.HttpConnectProxiedSocketAddress$Builder setUsername(java.lang.String) -> b